<?xml version="1.0" encoding="UTF-8"?>
<testng-results skipped="0" failed="0" total="1" passed="1">
  <reporter-output>
  </reporter-output>
  <suite name="Default suite" duration-ms="14103" started-at="2017-11-06T02:31:39Z" finished-at="2017-11-06T02:31:53Z">
    <groups>
    </groups>
    <test name="Default test" duration-ms="14103" started-at="2017-11-06T02:31:39Z" finished-at="2017-11-06T02:31:53Z">
      <class name="com.markandspencers.tests.SearchProductsTest">
        <test-method status="PASS" signature="initiate()[pri:0, instance:com.markandspencers.tests.SearchProductsTest@6833ce2c]" name="initiate" is-config="true" duration-ms="11041" started-at="2017-11-06T02:31:39Z" finished-at="2017-11-06T02:31:50Z">
          <reporter-output>
          </reporter-output>
        </test-method> <!-- initiate -->
        <test-method status="PASS" signature="searchItem()[pri:0, instance:com.markandspencers.tests.SearchProductsTest@6833ce2c]" name="searchItem" duration-ms="3026" started-at="2017-11-06T02:31:50Z" finished-at="2017-11-06T02:31:53Z">
          <reporter-output>
          </reporter-output>
        </test-method> <!-- searchItem -->
      </class> <!-- com.markandspencers.tests.SearchProductsTest -->
    </test> <!-- Default test -->
  </suite> <!-- Default suite -->
</testng-results>
