<?xml version="1.0" encoding="UTF-8"?>
<testng-results skipped="0" failed="0" total="1" passed="1">
  <reporter-output>
  </reporter-output>
  <suite name="PiorityRun" duration-ms="13952" started-at="2017-11-06T20:50:22Z" finished-at="2017-11-06T20:50:36Z">
    <groups>
    </groups>
    <test name="SerachingProducts" duration-ms="13952" started-at="2017-11-06T20:50:22Z" finished-at="2017-11-06T20:50:36Z">
      <class name="com.markandspencers.tests.SearchProductsTest">
        <test-method status="PASS" signature="initiate()[pri:0, instance:com.markandspencers.tests.SearchProductsTest@21bcffb5]" name="initiate" is-config="true" duration-ms="10880" started-at="2017-11-06T20:50:22Z" finished-at="2017-11-06T20:50:33Z">
          <reporter-output>
          </reporter-output>
        </test-method> <!-- initiate -->
        <test-method status="PASS" signature="searchItem()[pri:0, instance:com.markandspencers.tests.SearchProductsTest@21bcffb5]" name="searchItem" duration-ms="3036" started-at="2017-11-06T20:50:33Z" finished-at="2017-11-06T20:50:36Z">
          <reporter-output>
          </reporter-output>
        </test-method> <!-- searchItem -->
      </class> <!-- com.markandspencers.tests.SearchProductsTest -->
    </test> <!-- SerachingProducts -->
  </suite> <!-- PiorityRun -->
</testng-results>
